<?xml version="1.0" encoding="UTF-8"?>
<testsuite xmlns:xsi="http://www.w3.org/2001/XMLSchema-instance" xsi:noNamespaceSchemaLocation="https://maven.apache.org/surefire/maven-surefire-plugin/xsd/surefire-test-report-3.0.xsd" version="3.0" name="com.library.spring.demo.ApplicationTests" time="4.471" tests="1" errors="0" skipped="0" failures="0">
  <properties>
[...]
</properties>
  <testcase name="contextLoads" classname="com.library.spring.demo.ApplicationTests" time="0.297">
    <system-out><![CDATA[17:56:43.701 [main] INFO org.springframework.test.context.support.AnnotationConfigContextLoaderUtils -- Could not detect default configuration classes for test class [com.library.spring.demo.ApplicationTests]: ApplicationTests does not declare any static, non-private, non-final, nested classes annotated with @Configuration.
17:56:43.795 [main] INFO org.springframework.boot.test.context.SpringBootTestContextBootstrapper -- Found @SpringBootConfiguration com.library.spring.demo.Application for test class com.library.spring.demo.ApplicationTests
17:56:43.935 [main] INFO org.springframework.boot.devtools.restart.RestartApplicationListener -- Restart disabled due to context in which it is running

  .   ____          _            __ _ _
 /\\ / ___'_ __ _ _(_)_ __  __ _ \ \ \ \
( ( )\___ | '_ | '_| | '_ \/ _` | \ \ \ \
 \\/  ___)| |_)| | | | | || (_| |  ) ) ) )
  '  |____| .__|_| |_|_| |_\__, | / / / /
 =========|_|==============|___/=/_/_/_/
 :: Spring Boot ::                (v3.2.2)

2025-07-10T17:56:44.153-03:00  INFO 7848 --- [app_library] [           main] c.library.spring.demo.ApplicationTests   : Starting ApplicationTests using Java 17.0.12 with PID 7848 (started by Usuario in C:\Users\Usuario\Desktop\Cosas de programación\PROYECTO SPRING LIBRARY\spring-app\librarysb)
2025-07-10T17:56:44.153-03:00  INFO 7848 --- [app_library] [           main] c.library.spring.demo.ApplicationTests   : No active profile set, falling back to 1 default profile: "default"
2025-07-10T17:56:44.702-03:00  INFO 7848 --- [app_library] [           main] .s.d.r.c.RepositoryConfigurationDelegate : Bootstrapping Spring Data JPA repositories in DEFAULT mode.
2025-07-10T17:56:44.749-03:00  INFO 7848 --- [app_library] [           main] .s.d.r.c.RepositoryConfigurationDelegate : Finished Spring Data repository scanning in 46 ms. Found 3 JPA repository interfaces.
2025-07-10T17:56:45.171-03:00  INFO 7848 --- [app_library] [           main] o.hibernate.jpa.internal.util.LogHelper  : HHH000204: Processing PersistenceUnitInfo [name: default]
2025-07-10T17:56:45.234-03:00  INFO 7848 --- [app_library] [           main] org.hibernate.Version                    : HHH000412: Hibernate ORM core version 6.4.1.Final
2025-07-10T17:56:45.265-03:00  INFO 7848 --- [app_library] [           main] o.h.c.internal.RegionFactoryInitiator    : HHH000026: Second-level cache disabled
2025-07-10T17:56:45.499-03:00  INFO 7848 --- [app_library] [           main] o.s.o.j.p.SpringPersistenceUnitInfo      : No LoadTimeWeaver setup: ignoring JPA class transformer
2025-07-10T17:56:45.531-03:00  INFO 7848 --- [app_library] [           main] com.zaxxer.hikari.HikariDataSource       : HikariPool-1 - Starting...
2025-07-10T17:56:45.754-03:00  INFO 7848 --- [app_library] [           main] com.zaxxer.hikari.pool.HikariPool        : HikariPool-1 - Added connection com.mysql.cj.jdbc.ConnectionImpl@42576db9
2025-07-10T17:56:45.756-03:00  INFO 7848 --- [app_library] [           main] com.zaxxer.hikari.HikariDataSource       : HikariPool-1 - Start completed.
2025-07-10T17:56:45.794-03:00  WARN 7848 --- [app_library] [           main] org.hibernate.orm.deprecation            : HHH90000025: MySQLDialect does not need to be specified explicitly using 'hibernate.dialect' (remove the property setting and it will be selected by default)
2025-07-10T17:56:46.506-03:00  INFO 7848 --- [app_library] [           main] o.h.e.t.j.p.i.JtaPlatformInitiator       : HHH000489: No JTA platform available (set 'hibernate.transaction.jta.platform' to enable JTA platform integration)
2025-07-10T17:56:46.555-03:00  INFO 7848 --- [app_library] [           main] j.LocalContainerEntityManagerFactoryBean : Initialized JPA EntityManagerFactory for persistence unit 'default'
2025-07-10T17:56:46.935-03:00  WARN 7848 --- [app_library] [           main] .s.s.UserDetailsServiceAutoConfiguration : 

Using generated security password: 4c275c89-adad-4f22-a288-19cb3ac875a7

This generated password is for development use only. Your security configuration must be updated before running your application in production.

2025-07-10T17:56:47.056-03:00  INFO 7848 --- [app_library] [           main] o.s.b.a.w.s.WelcomePageHandlerMapping    : Adding welcome page template: index
2025-07-10T17:56:47.312-03:00  INFO 7848 --- [app_library] [           main] o.s.s.web.DefaultSecurityFilterChain     : Will secure any request with [org.springframework.security.web.session.DisableEncodeUrlFilter@4eb3b690, org.springframework.security.web.context.request.async.WebAsyncManagerIntegrationFilter@1d01fa0c, org.springframework.security.web.context.SecurityContextHolderFilter@2c02cf78, org.springframework.security.web.header.HeaderWriterFilter@1500edf3, org.springframework.web.filter.CorsFilter@44bd7f24, org.springframework.security.web.authentication.logout.LogoutFilter@1773faf8, org.springframework.security.web.savedrequest.RequestCacheAwareFilter@29ebaf2f, org.springframework.security.web.servletapi.SecurityContextHolderAwareRequestFilter@1a61f634, org.springframework.security.web.authentication.AnonymousAuthenticationFilter@6e3acd7, org.springframework.security.web.access.ExceptionTranslationFilter@56fc2cea, org.springframework.security.web.access.intercept.AuthorizationFilter@cbaabfb]
2025-07-10T17:56:47.732-03:00  INFO 7848 --- [app_library] [           main] c.library.spring.demo.ApplicationTests   : Started ApplicationTests in 3.812 seconds (process running for 4.599)
]]></system-out>
  </testcase>
</testsuite>